--2022-05-21 05:58:39--  http://user:*password*@localhost/geoapi/shomgt3/sgupdt/servtest.php?test=401
Resolving localhost (localhost)... 127.0.0.1, ::1
Connecting to localhost (localhost)|127.0.0.1|:80... connected.
HTTP request sent, awaiting response... 
  HTTP/1.1 401 Unauthorized
  Date: Sat, 21 May 2022 05:58:39 GMT
  Server: Apache/2.4.53 (Debian)
  X-Powered-By: PHP/8.1.6
  WWW-Authenticate: Basic realm="Authentification pour acces à sertest.php"
  Content-Length: 549
  Keep-Alive: timeout=5, max=100
  Connection: Keep-Alive
  Content-Type: text/html; charset=UTF-8
Authentication selected: Basic realm="Authentification pour acces à sertest.php"
Reusing existing connection to localhost:80.
HTTP request sent, awaiting response... 
  HTTP/1.1 401 Unauthorized
  Date: Sat, 21 May 2022 05:58:39 GMT
  Server: Apache/2.4.53 (Debian)
  X-Powered-By: PHP/8.1.6
  WWW-Authenticate: Basic realm="Authentification pour acces à sertest.php"
  Content-Length: 546
  Keep-Alive: timeout=5, max=99
  Connection: Keep-Alive
  Content-Type: text/html; charset=UTF-8

Username/Password Authentication Failed.
